<?xml version="1.0" encoding="utf-8"?><testsuites name="pytest tests"><testsuite name="pytest" errors="0" failures="0" skipped="0" tests="37" time="4.014" timestamp="2026-04-23T15:28:32.944104+00:00" hostname="agent-env-bc4a6590-a40e-4f08-88e0-35263a346ff5"><testcase classname="backend.tests.test_wallet_api.TestHealth" name="test_root" time="0.221" /><testcase classname="backend.tests.test_wallet_api.TestAuth" name="test_register_invalid_pin" time="0.053" /><testcase classname="backend.tests.test_wallet_api.TestAuth" name="test_register_empty_name" time="0.072" /><testcase classname="backend.tests.test_wallet_api.TestAuth" name="test_login_wrong_pin" time="0.124" /><testcase classname="backend.tests.test_wallet_api.TestAuth" name="test_login_correct_pin" time="0.058" /><testcase classname="backend.tests.test_wallet_api.TestAuth" name="test_auth_required" time="0.049" /><testcase classname="backend.tests.test_wallet_api.TestWallet" name="test_wallet_me" time="0.052" /><testcase classname="backend.tests.test_wallet_api.TestWallet" name="test_receive" time="0.050" /><testcase classname="backend.tests.test_wallet_api.TestWallet" name="test_receive_no_amount" time="0.048" /><testcase classname="backend.tests.test_wallet_api.TestWallet" name="test_send_invalid_amount" time="0.064" /><testcase classname="backend.tests.test_wallet_api.TestWallet" name="test_send_invalid_address" time="0.053" /><testcase classname="backend.tests.test_wallet_api.TestWallet" name="test_send_insufficient" time="0.055" /><testcase classname="backend.tests.test_wallet_api.TestWallet" name="test_send_success_and_persist" time="0.108" /><testcase classname="backend.tests.test_wallet_api.TestWallet" name="test_transactions_list" time="0.060" /><testcase classname="backend.tests.test_wallet_api.TestMarket" name="test_price" time="0.173" /><testcase classname="backend.tests.test_wallet_api.TestMarket" name="test_chart[1h]" time="0.132" /><testcase classname="backend.tests.test_wallet_api.TestMarket" name="test_chart[24h]" time="0.123" /><testcase classname="backend.tests.test_wallet_api.TestMarket" name="test_chart[7d]" time="0.118" /><testcase classname="backend.tests.test_wallet_api.TestMarket" name="test_chart[30d]" time="0.163" /><testcase classname="backend.tests.test_wallet_api.TestMarket" name="test_chart[1y]" time="0.126" /><testcase classname="backend.tests.test_wallet_api.TestRewards" name="test_daily_initial" time="0.051" /><testcase classname="backend.tests.test_wallet_api.TestRewards" name="test_claim_and_duplicate" time="0.143" /><testcase classname="backend.tests.test_wallet_api.TestRewards" name="test_daily_after_claim" time="0.081" /><testcase classname="backend.tests.test_wallet_api.TestRewards" name="test_store_list" time="0.092" /><testcase classname="backend.tests.test_wallet_api.TestRewards" name="test_redeem_insufficient" time="0.048" /><testcase classname="backend.tests.test_wallet_api.TestRewards" name="test_redeem_success" time="0.183" /><testcase classname="backend.tests.test_wallet_api.TestRewards" name="test_redeem_invalid_item" time="0.057" /><testcase classname="backend.tests.test_wallet_api.TestBills" name="test_bill_pay" time="0.120" /><testcase classname="backend.tests.test_wallet_api.TestBills" name="test_bill_insufficient" time="0.121" /><testcase classname="backend.tests.test_wallet_api.TestSecurity" name="test_status_initial" time="0.205" /><testcase classname="backend.tests.test_wallet_api.TestSecurity" name="test_verify_seed_wrong_words" time="0.060" /><testcase classname="backend.tests.test_wallet_api.TestSecurity" name="test_verify_seed_correct" time="0.240" /><testcase classname="backend.tests.test_wallet_api.TestSecurity" name="test_biometric_toggle" time="0.156" /><testcase classname="backend.tests.test_wallet_api.TestSecurity" name="test_change_pin_wrong_old" time="0.051" /><testcase classname="backend.tests.test_wallet_api.TestSecurity" name="test_change_pin_success_and_login" time="0.159" /><testcase classname="backend.tests.test_wallet_api.TestSecurity" name="test_change_pin_short" time="0.048" /><testcase classname="backend.tests.test_wallet_api.TestSecurity" name="test_security_requires_auth" time="0.049" /></testsuite></testsuites>