<?xml version="1.0" encoding="utf-8"?><testsuites name="pytest tests"><testsuite name="pytest" errors="0" failures="0" skipped="0" tests="29" time="3.220" timestamp="2026-04-23T15:13:05.817256+00:00" hostname="agent-env-bc4a6590-a40e-4f08-88e0-35263a346ff5"><testcase classname="backend.tests.test_wallet_api.TestHealth" name="test_root" time="0.315" /><testcase classname="backend.tests.test_wallet_api.TestAuth" name="test_register_invalid_pin" time="0.105" /><testcase classname="backend.tests.test_wallet_api.TestAuth" name="test_register_empty_name" time="0.100" /><testcase classname="backend.tests.test_wallet_api.TestAuth" name="test_login_wrong_pin" time="0.140" /><testcase classname="backend.tests.test_wallet_api.TestAuth" name="test_login_correct_pin" time="0.064" /><testcase classname="backend.tests.test_wallet_api.TestAuth" name="test_auth_required" time="0.073" /><testcase classname="backend.tests.test_wallet_api.TestWallet" name="test_wallet_me" time="0.072" /><testcase classname="backend.tests.test_wallet_api.TestWallet" name="test_receive" time="0.064" /><testcase classname="backend.tests.test_wallet_api.TestWallet" name="test_receive_no_amount" time="0.060" /><testcase classname="backend.tests.test_wallet_api.TestWallet" name="test_send_invalid_amount" time="0.055" /><testcase classname="backend.tests.test_wallet_api.TestWallet" name="test_send_invalid_address" time="0.063" /><testcase classname="backend.tests.test_wallet_api.TestWallet" name="test_send_insufficient" time="0.059" /><testcase classname="backend.tests.test_wallet_api.TestWallet" name="test_send_success_and_persist" time="0.117" /><testcase classname="backend.tests.test_wallet_api.TestWallet" name="test_transactions_list" time="0.059" /><testcase classname="backend.tests.test_wallet_api.TestMarket" name="test_price" time="0.135" /><testcase classname="backend.tests.test_wallet_api.TestMarket" name="test_chart[1h]" time="0.129" /><testcase classname="backend.tests.test_wallet_api.TestMarket" name="test_chart[24h]" time="0.131" /><testcase classname="backend.tests.test_wallet_api.TestMarket" name="test_chart[7d]" time="0.123" /><testcase classname="backend.tests.test_wallet_api.TestMarket" name="test_chart[30d]" time="0.124" /><testcase classname="backend.tests.test_wallet_api.TestMarket" name="test_chart[1y]" time="0.229" /><testcase classname="backend.tests.test_wallet_api.TestRewards" name="test_daily_initial" time="0.069" /><testcase classname="backend.tests.test_wallet_api.TestRewards" name="test_claim_and_duplicate" time="0.137" /><testcase classname="backend.tests.test_wallet_api.TestRewards" name="test_daily_after_claim" time="0.059" /><testcase classname="backend.tests.test_wallet_api.TestRewards" name="test_store_list" time="0.105" /><testcase classname="backend.tests.test_wallet_api.TestRewards" name="test_redeem_insufficient" time="0.056" /><testcase classname="backend.tests.test_wallet_api.TestRewards" name="test_redeem_success" time="0.192" /><testcase classname="backend.tests.test_wallet_api.TestRewards" name="test_redeem_invalid_item" time="0.058" /><testcase classname="backend.tests.test_wallet_api.TestBills" name="test_bill_pay" time="0.128" /><testcase classname="backend.tests.test_wallet_api.TestBills" name="test_bill_insufficient" time="0.121" /></testsuite></testsuites>